Arguments: 
  /Users/tomasruiz/.nvm/versions/node/v16.14.0/bin/node /Users/tomasruiz/.nvm/versions/node/v16.14.0/bin/yarn build

PATH: 
  /var/folders/q8/8r6j7d3d009c5_xlv73n3dn40000gn/T/yarn--1648939907493-0.36908469829473534:/Users/tomasruiz/Documents/development/bett3r-trading/bett3r-trading-node-services/node_modules/.bin:/Users/tomasruiz/.config/yarn/link/node_modules/.bin:/Users/tomasruiz/Documents/development/bett3r-trading/bett3r-trading-node-services/node_modules/.bin:/Users/tomasruiz/.nvm/versions/node/v16.14.0/libexec/lib/node_modules/npm/bin/node-gyp-bin:/Users/tomasruiz/.nvm/versions/node/v16.14.0/lib/node_modules/npm/bin/node-gyp-bin:/Users/tomasruiz/.nvm/versions/node/v16.14.0/bin/node_modules/npm/bin/node-gyp-bin:/Users/tomasruiz/google-cloud-sdk/bin:/Users/tomasruiz/.nvm/versions/node/v16.14.0/bin:/Users/tomasruiz/.pyenv/shims:/Users/tomasruiz/.pyenv/bin:/opt/homebrew/bin:/opt/homebrew/sbin:/usr/local/bin:/usr/bin:/bin:/usr/sbin:/sbin:/usr/local/share/dotnet:~/.dotnet/tools:/Library/Frameworks/Mono.framework/Versions/Current/Commands:/Users/tomasruiz/google-cloud-sdk/bin:/Users/tomasruiz/.nvm/versions/node/v16.14.0/bin:/Users/tomasruiz/.pyenv/shims:/Users/tomasruiz/.pyenv/bin:/opt/homebrew/bin:/opt/homebrew/sbin

Yarn version: 
  1.22.17

Node version: 
  16.14.0

Platform: 
  darwin arm64

Trace: 
  SyntaxError: /Users/tomasruiz/Documents/development/bett3r-trading/bett3r-trading-node-services/src/serverComponents/utils/package.json: Unexpected token } in JSON at position 380
      at JSON.parse (<anonymous>)
      at /Users/tomasruiz/.nvm/versions/node/v16.14.0/lib/node_modules/yarn/lib/cli.js:1625:59
      at Generator.next (<anonymous>)
      at step (/Users/tomasruiz/.nvm/versions/node/v16.14.0/lib/node_modules/yarn/lib/cli.js:310:30)
      at /Users/tomasruiz/.nvm/versions/node/v16.14.0/lib/node_modules/yarn/lib/cli.js:321:13

npm manifest: 
  {
    "name": "@bett3r-dev/server-utils",
    "version": "3.0.1",
    "main": "build/index.js",
    "types": "build/index.d.ts",
    "files": [
      "build"
    ],
    "license": "UNLICENSED",
    "repository": {
      "type": "git",
      "url": "git+https://github.com/bett3r-dev/server-utils.git"
    },
    "scripts": {
      "clean": "rm -rf build",
      "prebuild": "yarn clean",
      "build": "tsc -p tsconfig.build.json",
    },
    "devDependencies": {
      "@types/chai": "^4.2.15",
      "@types/node": "^15.12.5",
      "@types/node-fetch": "^2.5.8",
      "@types/sinon": "^10.0.2",
      "chai": "^4.3.4",
      "editorconfig": "^0.15.3",
      "eslint": "^7.30.0",
      "node-fetch": "^2.6.1",
      "ts-node": "^10.0.0",
      "typescript": "^4.3.5"
    },
    "dependencies": {
      "@bett3r-dev/bett3r-utils": "^3.0.1",
      "@bett3r-dev/crocks": "^3.0.1",
      "@bett3r-dev/flyd": "^0.3.5",
      "@bett3r-dev/simple-transducers": "^1.1.0",
      "change-case": "^4.1.2",
      "constant-case": "^3.0.4",
      "joi": "^17.4.2",
      "node-fetch": "^2.6.1",
      "rambda": "^6.9.0",
      "sinon": "^11.1.1",
      "title-case": "^3.0.3"
    }
  }

yarn manifest: 
  No manifest

Lockfile: 
  No lockfile
